Using pre-set license
Built from '2022.3/china_unity/release' branch; Version is '2022.3.17f1c1 (a01dafa986ec) revision 10493359'; Using compiler version '192829333'; Build Type 'Release'
OS: 'Windows 11  (10.0.22631) 64bit CoreCountrySpecific' Language: 'zh' Physical Memory: 15557 MB
BatchMode: 1, IsHumanControllingUs: 0, StartBugReporterOnCrash: 0, Is64bit: 1, IsPro: 1

COMMAND LINE ARGUMENTS:
D:\Unity\2022.3.17f1c1\Editor\Unity.exe
-adb2
-batchMode
-noUpm
-name
AssetImportWorker4
-projectPath
D:/Unity/UnityProject4
-logFile
Logs/AssetImportWorker4.log
-srvPort
57687
Successfully changed project path to: D:/Unity/UnityProject4
D:/Unity/UnityProject4
[UnityMemory] Configuration Parameters - Can be set up in boot.config
    "memorysetup-bucket-allocator-granularity=16"
    "memorysetup-bucket-allocator-bucket-count=8"
    "memorysetup-bucket-allocator-block-size=33554432"
    "memorysetup-bucket-allocator-block-count=8"
    "memorysetup-main-allocator-block-size=16777216"
    "memorysetup-thread-allocator-block-size=16777216"
    "memorysetup-gfx-main-allocator-block-size=16777216"
    "memorysetup-gfx-thread-allocator-block-size=16777216"
    "memorysetup-cache-allocator-block-size=4194304"
    "memorysetup-typetree-allocator-block-size=2097152"
    "memorysetup-profiler-bucket-allocator-granularity=16"
    "memorysetup-profiler-bucket-allocator-bucket-count=8"
    "memorysetup-profiler-bucket-allocator-block-size=33554432"
    "memorysetup-profiler-bucket-allocator-block-count=8"
    "memorysetup-profiler-allocator-block-size=16777216"
    "memorysetup-profiler-editor-allocator-block-size=1048576"
    "memorysetup-temp-allocator-size-main=16777216"
    "memorysetup-job-temp-allocator-block-size=2097152"
    "memorysetup-job-temp-allocator-block-size-background=1048576"
    "memorysetup-job-temp-allocator-reduction-small-platforms=262144"
    "memorysetup-allocator-temp-initial-block-size-main=262144"
    "memorysetup-allocator-temp-initial-block-size-worker=262144"
    "memorysetup-temp-allocator-size-background-worker=32768"
    "memorysetup-temp-allocator-size-job-worker=262144"
    "memorysetup-temp-allocator-size-preload-manager=33554432"
    "memorysetup-temp-allocator-size-nav-mesh-worker=65536"
    "memorysetup-temp-allocator-size-audio-worker=65536"
    "memorysetup-temp-allocator-size-cloud-worker=32768"
    "memorysetup-temp-allocator-size-gi-baking-worker=262144"
    "memorysetup-temp-allocator-size-gfx=262144"
Player connection [67608] Host "[IP] 172.31.176.1 [Port] 0 [Flags] 2 [Guid] 1545675794 [EditorId] 1545675794 [Version] 1048832 [Id] WindowsEditor(7,ICON) [Debug] 1 [PackageName] WindowsEditor [ProjectName] Editor" joined multi-casting on [225.0.0.222:54997]...

Player connection [67608] Host "[IP] 172.31.176.1 [Port] 0 [Flags] 2 [Guid] 1545675794 [EditorId] 1545675794 [Version] 1048832 [Id] WindowsEditor(7,ICON) [Debug] 1 [PackageName] WindowsEditor [ProjectName] Editor" joined alternative multi-casting on [225.0.0.222:34997]...

[Physics::Module] Initialized MultithreadedJobDispatcher with 15 workers.
Refreshing native plugins compatible for Editor in 13.20 ms, found 2 plugins.
Preloading 0 native plugins for Editor in 0.00 ms.
Initialize engine version: 2022.3.17f1c1 (a01dafa986ec)
[Subsystems] Discovering subsystems at path D:/Unity/2022.3.17f1c1/Editor/Data/Resources/UnitySubsystems
[Subsystems] Discovering subsystems at path D:/Unity/UnityProject4/Assets
GfxDevice: creating device client; threaded=0; jobified=0
Direct3D:
    Version:  Direct3D 11.0 [level 11.1]
    Renderer: NVIDIA GeForce RTX 3060 Laptop GPU (ID=0x2560)
    Vendor:   NVIDIA
    VRAM:     5996 MB
    Driver:   32.0.15.7270
Initialize mono
Mono path[0] = 'D:/Unity/2022.3.17f1c1/Editor/Data/Managed'
Mono path[1] = 'D:/Unity/2022.3.17f1c1/Editor/Data/MonoBleedingEdge/lib/mono/unityjit-win32'
Mono config path = 'D:/Unity/2022.3.17f1c1/Editor/Data/MonoBleedingEdge/etc'
Using monoOptions --debugger-agent=transport=dt_socket,embedding=1,server=y,suspend=n,address=127.0.0.1:56916
Begin MonoManager ReloadAssembly
Registering precompiled unity dll's ...
Register platform support module: D:/Unity/2022.3.17f1c1/Editor/Data/PlaybackEngines/WebGLSupport/UnityEditor.WebGL.Extensions.dll
Register platform support module: D:/Unity/2022.3.17f1c1/Editor/Data/PlaybackEngines/AndroidPlayer/UnityEditor.Android.Extensions.dll
Register platform support module: D:/Unity/2022.3.17f1c1/Editor/Data/PlaybackEngines/WindowsStandaloneSupport/UnityEditor.WindowsStandalone.Extensions.dll
Registered in 0.021781 seconds.
- Loaded All Assemblies, in  0.377 seconds
Native extension for WindowsStandalone target not found
Native extension for Android target not found
Android Extension - Scanning For ADB Devices 443 ms
Native extension for WebGL target not found
Mono: successfully reloaded assembly
- Finished resetting the current domain, in  0.728 seconds
Domain Reload Profiling: 1096ms
	BeginReloadAssembly (119ms)
		ExecutionOrderSort (0ms)
		DisableScriptedObjects (0ms)
		BackupInstance (0ms)
		ReleaseScriptingObjects (0ms)
		CreateAndSetChildDomain (1ms)
	RebuildCommonClasses (34ms)
	RebuildNativeTypeToScriptingClass (9ms)
	initialDomainReloadingComplete (80ms)
	LoadAllAssembliesAndSetupDomain (126ms)
		LoadAssemblies (114ms)
		RebuildTransferFunctionScriptingTraits (0ms)
		AnalyzeDomain (122ms)
			TypeCache.Refresh (121ms)
				TypeCache.ScanAssembly (110ms)
			ScanForSourceGeneratedMonoScriptInfo (0ms)
			ResolveRequiredComponents (0ms)
	FinalizeReload (728ms)
		ReleaseScriptCaches (0ms)
		RebuildScriptCaches (0ms)
		SetupLoadedEditorAssemblies (681ms)
			LogAssemblyErrors (0ms)
			InitializePlatformSupportModulesInManaged (542ms)
			SetLoadedEditorAssemblies (3ms)
			RefreshPlugins (0ms)
			BeforeProcessingInitializeOnLoad (2ms)
			ProcessInitializeOnLoadAttributes (92ms)
			ProcessInitializeOnLoadMethodAttributes (41ms)
			AfterProcessingInitializeOnLoad (0ms)
			EditorAssembliesLoaded (0ms)
		ExecutionOrderSort2 (0ms)
		AwakeInstancesAfterBackupRestoration (0ms)
========================================================================
Worker process is ready to serve import requests
Begin MonoManager ReloadAssembly
- Loaded All Assemblies, in  0.552 seconds
Refreshing native plugins compatible for Editor in 5.19 ms, found 2 plugins.
Native extension for WindowsStandalone target not found
Native extension for Android target not found
Native extension for WebGL target not found
Package Manager log level set to [2]
[Package Manager] Server::EnsureServerProcessIsRunning -- launch failed, reason: Unity was launched with the -noUpm command-line argument
[Package Manager] UpmClient::Send -- Unable to send message (not connected to UPM process).
[Package Manager] Cannot connect to Unity Package Manager local server
Mono: successfully reloaded assembly
- Finished resetting the current domain, in  0.481 seconds
Domain Reload Profiling: 1022ms
	BeginReloadAssembly (155ms)
		ExecutionOrderSort (0ms)
		DisableScriptedObjects (4ms)
		BackupInstance (0ms)
		ReleaseScriptingObjects (0ms)
		CreateAndSetChildDomain (20ms)
	RebuildCommonClasses (28ms)
	RebuildNativeTypeToScriptingClass (9ms)
	initialDomainReloadingComplete (50ms)
	LoadAllAssembliesAndSetupDomain (299ms)
		LoadAssemblies (307ms)
		RebuildTransferFunctionScriptingTraits (0ms)
		AnalyzeDomain (89ms)
			TypeCache.Refresh (79ms)
				TypeCache.ScanAssembly (66ms)
			ScanForSourceGeneratedMonoScriptInfo (8ms)
			ResolveRequiredComponents (2ms)
	FinalizeReload (481ms)
		ReleaseScriptCaches (0ms)
		RebuildScriptCaches (0ms)
		SetupLoadedEditorAssemblies (361ms)
			LogAssemblyErrors (0ms)
			InitializePlatformSupportModulesInManaged (31ms)
			SetLoadedEditorAssemblies (2ms)
			RefreshPlugins (0ms)
			BeforeProcessingInitializeOnLoad (62ms)
			ProcessInitializeOnLoadAttributes (230ms)
			ProcessInitializeOnLoadMethodAttributes (17ms)
			AfterProcessingInitializeOnLoad (18ms)
			EditorAssembliesLoaded (0ms)
		ExecutionOrderSort2 (0ms)
		AwakeInstancesAfterBackupRestoration (8ms)
Launched and connected shader compiler UnityShaderCompiler.exe after 0.07 seconds
Refreshing native plugins compatible for Editor in 6.92 ms, found 2 plugins.
Preloading 0 native plugins for Editor in 0.00 ms.
Unloading 1971 Unused Serialized files (Serialized files now loaded: 0)
Unloading 23 unused Assets / (45.9 KB). Loaded Objects now: 2445.
Memory consumption went from 105.1 MB to 105.0 MB.
Total: 2.866900 ms (FindLiveObjects: 0.174900 ms CreateObjectMapping: 0.073300 ms MarkObjects: 2.530000 ms  DeleteObjects: 0.087700 ms)

AssetImportParameters requested are different than current active one (requested -> active):
  custom:video-decoder-webm-vp8: 9c59270c3fd7afecdb556c50c9e8de78 -> 
  custom:SearchIndexIgnoredProperties: e643bd26f0fe6173181afceb89e7c659 -> 
  custom:container-demuxer-ogg: 62fdf1f143b41e24485cea50d1cbac27 -> 
  custom:AudioImporter_EditorPlatform: d09bf68614088b80899f8185d706f6e7 -> 
  custom:video-codec-MediaFoundation-h265: 746d11721c4dcdbdad8f713fa42b33f4 -> 
  custom:video-decoder-ogg-theora: a1e56fd34408186e4bbccfd4996cb3dc -> 
  custom:framework-win-MediaFoundation: 216162199b28c13a410421893ffa2e32 -> 
  custom:video-encoder-webm-vp8: eb34c28f22e8b96e1ab97ce403110664 -> 
  custom:audio-decoder-ogg-vorbis: bf7c407c2cedff20999df2af8eb42d56 -> 
  custom:CustomObjectIndexerAttribute: 6d391050e5a25f67b0a2c618074f2cd9 -> 
  custom:container-demuxer-webm: 4f35f7cbe854078d1ac9338744f61a02 -> 
  custom:audio-encoder-webm-vorbis: bf7c407c2cedff20999df2af8eb42d56 -> 
  custom:container-muxer-webm: aa71ff27fc2769a1b78a27578f13a17b -> 
========================================================================
Received Import Request.
  Time since last request: 669020.867704 seconds.
  path: Assets/Resources/Q版水墨国风（行侠仗义五千年）/UI界面/common_img_hy.png
  artifactKey: Guid(03e348ca885a19a4f8b3559512e2cddd) Importer(815301076,1909f56bfc062723c751e8b465ee728b)
Start importing Assets/Resources/Q版水墨国风（行侠仗义五千年）/UI界面/common_img_hy.png using Guid(03e348ca885a19a4f8b3559512e2cddd) Importer(815301076,1909f56bfc062723c751e8b465ee728b)  -> (artifact id: '8b5b46b4a8764b91aeaa1cb244949da8') in 0.101651 seconds
Number of updated asset objects reloaded before import = 0
Number of asset objects unloaded after import = 3
========================================================================
Received Import Request.
  Time since last request: 0.000028 seconds.
  path: Assets/Resources/Q版水墨国风（行侠仗义五千年）/UI界面/common_img_sousuo.png
  artifactKey: Guid(2252e2c8b76bc2b4a80a904e6c0f8d49) Importer(815301076,1909f56bfc062723c751e8b465ee728b)
Start importing Assets/Resources/Q版水墨国风（行侠仗义五千年）/UI界面/common_img_sousuo.png using Guid(2252e2c8b76bc2b4a80a904e6c0f8d49) Importer(815301076,1909f56bfc062723c751e8b465ee728b)  -> (artifact id: '83d17efc2f61473878f92e0855abc7de') in 0.022463 seconds
Number of updated asset objects reloaded before import = 0
Number of asset objects unloaded after import = 3
========================================================================
Received Import Request.
  Time since last request: 0.545028 seconds.
  path: Assets/Resources/Q版水墨国风（行侠仗义五千年）/UI界面/common_img_tanchuang02 #114273.png
  artifactKey: Guid(e7a6c253f1fc96646bd34d77c909966d) Importer(815301076,1909f56bfc062723c751e8b465ee728b)
Start importing Assets/Resources/Q版水墨国风（行侠仗义五千年）/UI界面/common_img_tanchuang02 #114273.png using Guid(e7a6c253f1fc96646bd34d77c909966d) Importer(815301076,1909f56bfc062723c751e8b465ee728b)  -> (artifact id: 'e548e51362230c00bf23f353566e165e') in 0.020192 seconds
Number of updated asset objects reloaded before import = 0
Number of asset objects unloaded after import = 3
========================================================================
Received Import Request.
  Time since last request: 2.977952 seconds.
  path: Assets/Resources/Q版水墨国风（行侠仗义五千年）/UI界面/common_img_tanchuang03.png
  artifactKey: Guid(f8e425366e7d2494e8c694cf0e20266d) Importer(815301076,1909f56bfc062723c751e8b465ee728b)
Start importing Assets/Resources/Q版水墨国风（行侠仗义五千年）/UI界面/common_img_tanchuang03.png using Guid(f8e425366e7d2494e8c694cf0e20266d) Importer(815301076,1909f56bfc062723c751e8b465ee728b)  -> (artifact id: 'f69b0ae966c6d3f2ca7ab93b65068616') in 0.018070 seconds
Number of updated asset objects reloaded before import = 0
Number of asset objects unloaded after import = 3
========================================================================
Received Import Request.
  Time since last request: 0.341121 seconds.
  path: Assets/Resources/Q版水墨国风（行侠仗义五千年）/UI界面/common_img_tanchuang05.png
  artifactKey: Guid(7f76bc9b8b92ae747b836a74962e88cf) Importer(815301076,1909f56bfc062723c751e8b465ee728b)
Start importing Assets/Resources/Q版水墨国风（行侠仗义五千年）/UI界面/common_img_tanchuang05.png using Guid(7f76bc9b8b92ae747b836a74962e88cf) Importer(815301076,1909f56bfc062723c751e8b465ee728b)  -> (artifact id: 'ef797bfdc67cc5807ae35443079145ce') in 0.040183 seconds
Number of updated asset objects reloaded before import = 0
Number of asset objects unloaded after import = 3
========================================================================
Received Import Request.
  Time since last request: 1.046184 seconds.
  path: Assets/Resources/Q版水墨国风（行侠仗义五千年）/UI界面/common_img_tanchuang07.png
  artifactKey: Guid(76c9253f84f1f4149aae85ed4891f93f) Importer(815301076,1909f56bfc062723c751e8b465ee728b)
Start importing Assets/Resources/Q版水墨国风（行侠仗义五千年）/UI界面/common_img_tanchuang07.png using Guid(76c9253f84f1f4149aae85ed4891f93f) Importer(815301076,1909f56bfc062723c751e8b465ee728b)  -> (artifact id: 'd1cb2255d9df6abb411a0e3c926a09a6') in 0.044507 seconds
Number of updated asset objects reloaded before import = 0
Number of asset objects unloaded after import = 3
========================================================================
Received Import Request.
  Time since last request: 0.000147 seconds.
  path: Assets/Resources/Q版水墨国风（行侠仗义五千年）/UI界面/common_img_xiangqing.png
  artifactKey: Guid(9ebea7091a9d2ac40976c98087288a96) Importer(815301076,1909f56bfc062723c751e8b465ee728b)
Start importing Assets/Resources/Q版水墨国风（行侠仗义五千年）/UI界面/common_img_xiangqing.png using Guid(9ebea7091a9d2ac40976c98087288a96) Importer(815301076,1909f56bfc062723c751e8b465ee728b)  -> (artifact id: 'fe0778cec09eed96cc00a4fd576ed76c') in 0.026803 seconds
Number of updated asset objects reloaded before import = 0
Number of asset objects unloaded after import = 3
========================================================================
Received Import Request.
  Time since last request: 0.032933 seconds.
  path: Assets/Resources/Q版水墨国风（行侠仗义五千年）/UI界面/common_img_xiangqing_02.png
  artifactKey: Guid(011ba9dd08572d34cbe0d8af83db4843) Importer(815301076,1909f56bfc062723c751e8b465ee728b)
Start importing Assets/Resources/Q版水墨国风（行侠仗义五千年）/UI界面/common_img_xiangqing_02.png using Guid(011ba9dd08572d34cbe0d8af83db4843) Importer(815301076,1909f56bfc062723c751e8b465ee728b)  -> (artifact id: '60589a5c725616f320b2d4872a03124c') in 0.016928 seconds
Number of updated asset objects reloaded before import = 0
Number of asset objects unloaded after import = 3
========================================================================
Received Import Request.
  Time since last request: 0.357587 seconds.
  path: Assets/Resources/Q版水墨国风（行侠仗义五千年）/UI界面/common_img_yihuode.png
  artifactKey: Guid(8cfeba6aded697943acc384b025cfde1) Importer(815301076,1909f56bfc062723c751e8b465ee728b)
Start importing Assets/Resources/Q版水墨国风（行侠仗义五千年）/UI界面/common_img_yihuode.png using Guid(8cfeba6aded697943acc384b025cfde1) Importer(815301076,1909f56bfc062723c751e8b465ee728b)  -> (artifact id: '5f94fdc9dfc96b5887b91308f7d48338') in 0.031454 seconds
Number of updated asset objects reloaded before import = 0
Number of asset objects unloaded after import = 3
========================================================================
Received Import Request.
  Time since last request: 576.909897 seconds.
  path: Assets/Resources/Q版水墨国风（行侠仗义五千年）/UI界面/common_img_zhaoshicao01.png
  artifactKey: Guid(313ebd28856062a4a85ef79901703948) Importer(815301076,1909f56bfc062723c751e8b465ee728b)
Start importing Assets/Resources/Q版水墨国风（行侠仗义五千年）/UI界面/common_img_zhaoshicao01.png using Guid(313ebd28856062a4a85ef79901703948) Importer(815301076,1909f56bfc062723c751e8b465ee728b)  -> (artifact id: 'f94ebacb8f0c034f331506b2bcf44092') in 0.020835 seconds
Number of updated asset objects reloaded before import = 0
Number of asset objects unloaded after import = 3
========================================================================
Received Import Request.
  Time since last request: 0.000019 seconds.
  path: Assets/Resources/Q版水墨国风（行侠仗义五千年）/UI界面/common_jdt02_bar.png
  artifactKey: Guid(e9ef44f7009e60e48b44dafd53bdd7c9) Importer(815301076,1909f56bfc062723c751e8b465ee728b)
Start importing Assets/Resources/Q版水墨国风（行侠仗义五千年）/UI界面/common_jdt02_bar.png using Guid(e9ef44f7009e60e48b44dafd53bdd7c9) Importer(815301076,1909f56bfc062723c751e8b465ee728b)  -> (artifact id: '8804bdda0c8115459c5a05c15f4ea46a') in 0.033676 seconds
Number of updated asset objects reloaded before import = 0
Number of asset objects unloaded after import = 3
========================================================================
Received Import Request.
  Time since last request: 0.014500 seconds.
  path: Assets/Resources/Q版水墨国风（行侠仗义五千年）/UI界面/common_jdt02_bright.png
  artifactKey: Guid(841fff23b7a35924dbe33d073820d136) Importer(815301076,1909f56bfc062723c751e8b465ee728b)
Start importing Assets/Resources/Q版水墨国风（行侠仗义五千年）/UI界面/common_jdt02_bright.png using Guid(841fff23b7a35924dbe33d073820d136) Importer(815301076,1909f56bfc062723c751e8b465ee728b)  -> (artifact id: '1c58b4616eeb563052bf6ba3a0e188cd') in 0.016387 seconds
Number of updated asset objects reloaded before import = 0
Number of asset objects unloaded after import = 3
========================================================================
Received Import Request.
  Time since last request: 0.000019 seconds.
  path: Assets/Resources/Q版水墨国风（行侠仗义五千年）/UI界面/common_jdt_dark.png
  artifactKey: Guid(ddd3b1596cbb01148b8f2d432d85a1ac) Importer(815301076,1909f56bfc062723c751e8b465ee728b)
Start importing Assets/Resources/Q版水墨国风（行侠仗义五千年）/UI界面/common_jdt_dark.png using Guid(ddd3b1596cbb01148b8f2d432d85a1ac) Importer(815301076,1909f56bfc062723c751e8b465ee728b)  -> (artifact id: '159782ba5517601d52894fc39287f1cb') in 0.015991 seconds
Number of updated asset objects reloaded before import = 0
Number of asset objects unloaded after import = 3
========================================================================
Received Import Request.
  Time since last request: 0.422782 seconds.
  path: Assets/Resources/Q版水墨国风（行侠仗义五千年）/UI界面/common_jiantou_03.png
  artifactKey: Guid(199681b38853a7343abf7c0bf0ad6c79) Importer(815301076,1909f56bfc062723c751e8b465ee728b)
Start importing Assets/Resources/Q版水墨国风（行侠仗义五千年）/UI界面/common_jiantou_03.png using Guid(199681b38853a7343abf7c0bf0ad6c79) Importer(815301076,1909f56bfc062723c751e8b465ee728b)  -> (artifact id: 'fb2153df6b23b8adf73d8a78a429ef24') in 0.018888 seconds
Number of updated asset objects reloaded before import = 0
Number of asset objects unloaded after import = 3
========================================================================
Received Import Request.
  Time since last request: 0.032084 seconds.
  path: Assets/Resources/Q版水墨国风（行侠仗义五千年）/UI界面/common_orange_circle.png
  artifactKey: Guid(331eb06411ac957458ee6a9e6b24f26b) Importer(815301076,1909f56bfc062723c751e8b465ee728b)
Start importing Assets/Resources/Q版水墨国风（行侠仗义五千年）/UI界面/common_orange_circle.png using Guid(331eb06411ac957458ee6a9e6b24f26b) Importer(815301076,1909f56bfc062723c751e8b465ee728b)  -> (artifact id: 'f2d562069280a0f39ae44762eada7011') in 0.018372 seconds
Number of updated asset objects reloaded before import = 0
Number of asset objects unloaded after import = 3
========================================================================
Received Import Request.
  Time since last request: 0.293949 seconds.
  path: Assets/Resources/Q版水墨国风（行侠仗义五千年）/UI界面/common_red_circle.png
  artifactKey: Guid(7b50deaaf24ac914e8973ce2a7839418) Importer(815301076,1909f56bfc062723c751e8b465ee728b)
Start importing Assets/Resources/Q版水墨国风（行侠仗义五千年）/UI界面/common_red_circle.png using Guid(7b50deaaf24ac914e8973ce2a7839418) Importer(815301076,1909f56bfc062723c751e8b465ee728b)  -> (artifact id: 'cd84c3d471d3b55b0a18335e61efd158') in 0.017564 seconds
Number of updated asset objects reloaded before import = 0
Number of asset objects unloaded after import = 3
========================================================================
Received Import Request.
  Time since last request: 0.045870 seconds.
  path: Assets/Resources/Q版水墨国风（行侠仗义五千年）/UI界面/common_tips_board_00_blue.png
  artifactKey: Guid(a91aec097a57467409393736c8e72f9b) Importer(815301076,1909f56bfc062723c751e8b465ee728b)
Start importing Assets/Resources/Q版水墨国风（行侠仗义五千年）/UI界面/common_tips_board_00_blue.png using Guid(a91aec097a57467409393736c8e72f9b) Importer(815301076,1909f56bfc062723c751e8b465ee728b)  -> (artifact id: '884d80aa44e0f3a1be6da3fa63d1d131') in 0.022312 seconds
Number of updated asset objects reloaded before import = 0
Number of asset objects unloaded after import = 3
========================================================================
Received Import Request.
  Time since last request: 0.007459 seconds.
  path: Assets/Resources/Q版水墨国风（行侠仗义五千年）/UI界面/common_tips_board_00_green.png
  artifactKey: Guid(6f7b8331afb084142aa1da1cb18616c8) Importer(815301076,1909f56bfc062723c751e8b465ee728b)
Start importing Assets/Resources/Q版水墨国风（行侠仗义五千年）/UI界面/common_tips_board_00_green.png using Guid(6f7b8331afb084142aa1da1cb18616c8) Importer(815301076,1909f56bfc062723c751e8b465ee728b)  -> (artifact id: '2c91179dd6f9a18bdc8a269a5eddbdba') in 0.019952 seconds
Number of updated asset objects reloaded before import = 0
Number of asset objects unloaded after import = 3
========================================================================
Received Import Request.
  Time since last request: 0.000020 seconds.
  path: Assets/Resources/Q版水墨国风（行侠仗义五千年）/UI界面/common_tips_board_00_purple.png
  artifactKey: Guid(3d858844a19c20a42a55819ddeade9b0) Importer(815301076,1909f56bfc062723c751e8b465ee728b)
Start importing Assets/Resources/Q版水墨国风（行侠仗义五千年）/UI界面/common_tips_board_00_purple.png using Guid(3d858844a19c20a42a55819ddeade9b0) Importer(815301076,1909f56bfc062723c751e8b465ee728b)  -> (artifact id: '1c0ae27851102701aa96aa9f90a27c22') in 0.016767 seconds
Number of updated asset objects reloaded before import = 0
Number of asset objects unloaded after import = 3
========================================================================
Received Import Request.
  Time since last request: 0.835352 seconds.
  path: Assets/Resources/Q版水墨国风（行侠仗义五千年）/UI界面/common_tips_board_00_red.png
  artifactKey: Guid(262ef20ccb9dc334b9688072aad5c66d) Importer(815301076,1909f56bfc062723c751e8b465ee728b)
Start importing Assets/Resources/Q版水墨国风（行侠仗义五千年）/UI界面/common_tips_board_00_red.png using Guid(262ef20ccb9dc334b9688072aad5c66d) Importer(815301076,1909f56bfc062723c751e8b465ee728b)  -> (artifact id: 'fa6572dc88d78b74edf97a99a621cf9a') in 0.017832 seconds
Number of updated asset objects reloaded before import = 0
Number of asset objects unloaded after import = 3
========================================================================
Received Import Request.
  Time since last request: 0.000954 seconds.
  path: Assets/Resources/Q版水墨国风（行侠仗义五千年）/UI界面/common_tips_board_01.png
  artifactKey: Guid(68c429dd6daa0d4439dcb2440bbb30ee) Importer(815301076,1909f56bfc062723c751e8b465ee728b)
Start importing Assets/Resources/Q版水墨国风（行侠仗义五千年）/UI界面/common_tips_board_01.png using Guid(68c429dd6daa0d4439dcb2440bbb30ee) Importer(815301076,1909f56bfc062723c751e8b465ee728b)  -> (artifact id: '67a20c914d62968310c9cd75471e8d5a') in 0.037872 seconds
Number of updated asset objects reloaded before import = 0
Number of asset objects unloaded after import = 3
========================================================================
Received Import Request.
  Time since last request: 0.000059 seconds.
  path: Assets/Resources/Q版水墨国风（行侠仗义五千年）/UI界面/common_tips_board_01_golden.png
  artifactKey: Guid(32929618217c85c40a8d6600eb65f94b) Importer(815301076,1909f56bfc062723c751e8b465ee728b)
Start importing Assets/Resources/Q版水墨国风（行侠仗义五千年）/UI界面/common_tips_board_01_golden.png using Guid(32929618217c85c40a8d6600eb65f94b) Importer(815301076,1909f56bfc062723c751e8b465ee728b)  -> (artifact id: '7124aad4e20c8105a32c49b31c5b5d79') in 0.017379 seconds
Number of updated asset objects reloaded before import = 0
Number of asset objects unloaded after import = 3
========================================================================
Received Import Request.
  Time since last request: 0.355923 seconds.
  path: Assets/Resources/Q版水墨国风（行侠仗义五千年）/UI界面/common_tips_board_01_purple.png
  artifactKey: Guid(318388e9f484e4448acfdb2556ea2696) Importer(815301076,1909f56bfc062723c751e8b465ee728b)
Start importing Assets/Resources/Q版水墨国风（行侠仗义五千年）/UI界面/common_tips_board_01_purple.png using Guid(318388e9f484e4448acfdb2556ea2696) Importer(815301076,1909f56bfc062723c751e8b465ee728b)  -> (artifact id: '11560270262824624ac1f8422a05dd19') in 0.015784 seconds
Number of updated asset objects reloaded before import = 0
Number of asset objects unloaded after import = 3
========================================================================
Received Import Request.
  Time since last request: 0.000029 seconds.
  path: Assets/Resources/Q版水墨国风（行侠仗义五千年）/UI界面/common_tips_board_02.png
  artifactKey: Guid(6e00acdbe0dc1aa43a0beddc6cc1275a) Importer(815301076,1909f56bfc062723c751e8b465ee728b)
Start importing Assets/Resources/Q版水墨国风（行侠仗义五千年）/UI界面/common_tips_board_02.png using Guid(6e00acdbe0dc1aa43a0beddc6cc1275a) Importer(815301076,1909f56bfc062723c751e8b465ee728b)  -> (artifact id: '28d45186e8b43eb8a4e3a0f4f4170766') in 0.043331 seconds
Number of updated asset objects reloaded before import = 0
Number of asset objects unloaded after import = 3
========================================================================
Received Import Request.
  Time since last request: 0.012350 seconds.
  path: Assets/Resources/Q版水墨国风（行侠仗义五千年）/UI界面/common_xiala_board_01.png
  artifactKey: Guid(8b63bf5c1bfc76e45b312c8edab59d79) Importer(815301076,1909f56bfc062723c751e8b465ee728b)
Start importing Assets/Resources/Q版水墨国风（行侠仗义五千年）/UI界面/common_xiala_board_01.png using Guid(8b63bf5c1bfc76e45b312c8edab59d79) Importer(815301076,1909f56bfc062723c751e8b465ee728b)  -> (artifact id: '5fb3adad511029214c6a3636045a3740') in 0.021852 seconds
Number of updated asset objects reloaded before import = 0
Number of asset objects unloaded after import = 3
========================================================================
Received Import Request.
  Time since last request: 0.286402 seconds.
  path: Assets/Resources/Q版水墨国风（行侠仗义五千年）/UI界面/common_xiala_board_03.png
  artifactKey: Guid(5da389fcdc6f0bf43bede9cd42707bbf) Importer(815301076,1909f56bfc062723c751e8b465ee728b)
Start importing Assets/Resources/Q版水墨国风（行侠仗义五千年）/UI界面/common_xiala_board_03.png using Guid(5da389fcdc6f0bf43bede9cd42707bbf) Importer(815301076,1909f56bfc062723c751e8b465ee728b)  -> (artifact id: '41b7a17fac6c8ba5cdd35eacab50f9bb') in 0.016594 seconds
Number of updated asset objects reloaded before import = 0
Number of asset objects unloaded after import = 3
========================================================================
Received Import Request.
  Time since last request: 4.110505 seconds.
  path: Assets/Resources/Q版水墨国风（行侠仗义五千年）/UI界面/cw_img_010.png
  artifactKey: Guid(b91aeb8cdf29ed0488c6a22e18ffe1c1) Importer(815301076,1909f56bfc062723c751e8b465ee728b)
Start importing Assets/Resources/Q版水墨国风（行侠仗义五千年）/UI界面/cw_img_010.png using Guid(b91aeb8cdf29ed0488c6a22e18ffe1c1) Importer(815301076,1909f56bfc062723c751e8b465ee728b)  -> (artifact id: 'cf968d2f4a304d3d04dfa1357eb00a19') in 0.018172 seconds
Number of updated asset objects reloaded before import = 0
Number of asset objects unloaded after import = 3
========================================================================
Received Import Request.
  Time since last request: 0.013401 seconds.
  path: Assets/Resources/Q版水墨国风（行侠仗义五千年）/UI界面/cw_img_011.png
  artifactKey: Guid(41aa0cf6589a6f04481059a2068e4911) Importer(815301076,1909f56bfc062723c751e8b465ee728b)
Start importing Assets/Resources/Q版水墨国风（行侠仗义五千年）/UI界面/cw_img_011.png using Guid(41aa0cf6589a6f04481059a2068e4911) Importer(815301076,1909f56bfc062723c751e8b465ee728b)  -> (artifact id: '12dd54afcb10adb8a57db4d4738246a8') in 0.027965 seconds
Number of updated asset objects reloaded before import = 0
Number of asset objects unloaded after import = 3
========================================================================
Received Import Request.
  Time since last request: 0.377095 seconds.
  path: Assets/Resources/Q版水墨国风（行侠仗义五千年）/UI界面/cw_img_biaoshi02.png
  artifactKey: Guid(9e793f245458b5949b9899b917f363a1) Importer(815301076,1909f56bfc062723c751e8b465ee728b)
Start importing Assets/Resources/Q版水墨国风（行侠仗义五千年）/UI界面/cw_img_biaoshi02.png using Guid(9e793f245458b5949b9899b917f363a1) Importer(815301076,1909f56bfc062723c751e8b465ee728b)  -> (artifact id: '69ef0af5d2876099000a52faa3961c79') in 0.018860 seconds
Number of updated asset objects reloaded before import = 0
Number of asset objects unloaded after import = 3
========================================================================
Received Import Request.
  Time since last request: 26.386632 seconds.
  path: Assets/Resources/Q版水墨国风（行侠仗义五千年）/UI界面/jy_icon_xin.png
  artifactKey: Guid(f4dec5d687f11654d8fe53583346a1fe) Importer(815301076,1909f56bfc062723c751e8b465ee728b)
Start importing Assets/Resources/Q版水墨国风（行侠仗义五千年）/UI界面/jy_icon_xin.png using Guid(f4dec5d687f11654d8fe53583346a1fe) Importer(815301076,1909f56bfc062723c751e8b465ee728b)  -> (artifact id: '1962c11c028de72f0b26f6b72f5455f1') in 0.065838 seconds
Number of updated asset objects reloaded before import = 0
Number of asset objects unloaded after import = 3
========================================================================
Received Import Request.
  Time since last request: 0.286865 seconds.
  path: Assets/Resources/Q版水墨国风（行侠仗义五千年）/UI界面/jy_icon_xinkai.png
  artifactKey: Guid(708a89b427ef8064cb7b3fff0c201909) Importer(815301076,1909f56bfc062723c751e8b465ee728b)
Start importing Assets/Resources/Q版水墨国风（行侠仗义五千年）/UI界面/jy_icon_xinkai.png using Guid(708a89b427ef8064cb7b3fff0c201909) Importer(815301076,1909f56bfc062723c751e8b465ee728b)  -> (artifact id: '8c3fda1a8b0ef782da86bc29e7c55520') in 0.019457 seconds
Number of updated asset objects reloaded before import = 0
Number of asset objects unloaded after import = 3
========================================================================
Received Import Request.
  Time since last request: 0.773804 seconds.
  path: Assets/Resources/Q版水墨国风（行侠仗义五千年）/UI界面/LiberationSans SDF Atlas.png
  artifactKey: Guid(857e38c152c3deb4aa4c739617572802) Importer(815301076,1909f56bfc062723c751e8b465ee728b)
Start importing Assets/Resources/Q版水墨国风（行侠仗义五千年）/UI界面/LiberationSans SDF Atlas.png using Guid(857e38c152c3deb4aa4c739617572802) Importer(815301076,1909f56bfc062723c751e8b465ee728b)  -> (artifact id: '46c0796d3d3c7fa76fedc3ec42f34ad1') in 0.021936 seconds
Number of updated asset objects reloaded before import = 0
Number of asset objects unloaded after import = 3
========================================================================
Received Import Request.
  Time since last request: 0.036621 seconds.
  path: Assets/Resources/Q版水墨国风（行侠仗义五千年）/UI界面/ljqd_frame_02.png
  artifactKey: Guid(ac88b391486ce4b47b221789c7626be1) Importer(815301076,1909f56bfc062723c751e8b465ee728b)
Start importing Assets/Resources/Q版水墨国风（行侠仗义五千年）/UI界面/ljqd_frame_02.png using Guid(ac88b391486ce4b47b221789c7626be1) Importer(815301076,1909f56bfc062723c751e8b465ee728b)  -> (artifact id: '178c297c1489e3c8654cabe4d0f04438') in 0.019495 seconds
Number of updated asset objects reloaded before import = 0
Number of asset objects unloaded after import = 3
========================================================================
Received Import Request.
  Time since last request: 330.925517 seconds.
  path: Assets/Resources/Q版水墨国风（行侠仗义五千年）/UI界面/ljqd_frame_04.png
  artifactKey: Guid(1ac04e740ac6d0e459023a5a75a8b65b) Importer(815301076,1909f56bfc062723c751e8b465ee728b)
Start importing Assets/Resources/Q版水墨国风（行侠仗义五千年）/UI界面/ljqd_frame_04.png using Guid(1ac04e740ac6d0e459023a5a75a8b65b) Importer(815301076,1909f56bfc062723c751e8b465ee728b)  -> (artifact id: '6d0155f6a772e574d7f05a601df6b8a1') in 0.068425 seconds
Number of updated asset objects reloaded before import = 0
Number of asset objects unloaded after import = 3
========================================================================
Received Import Request.
  Time since last request: 0.000244 seconds.
  path: Assets/Resources/Q版水墨国风（行侠仗义五千年）/UI界面/ljqd_frame_jindutiao_03.png
  artifactKey: Guid(4d0547be0788f9a4fbbf10175a5b8faf) Importer(815301076,1909f56bfc062723c751e8b465ee728b)
Start importing Assets/Resources/Q版水墨国风（行侠仗义五千年）/UI界面/ljqd_frame_jindutiao_03.png using Guid(4d0547be0788f9a4fbbf10175a5b8faf) Importer(815301076,1909f56bfc062723c751e8b465ee728b)  -> (artifact id: 'e54cceae129fbe83ea76d3418f2936a7') in 0.049922 seconds
Number of updated asset objects reloaded before import = 0
Number of asset objects unloaded after import = 3
========================================================================
Received Import Request.
  Time since last request: 0.373407 seconds.
  path: Assets/Resources/Q版水墨国风（行侠仗义五千年）/UI界面/ljqd_frame_jindutiao_04.png
  artifactKey: Guid(6ca10b161f22a2d4daf1ec2daa9fa7dd) Importer(815301076,1909f56bfc062723c751e8b465ee728b)
Start importing Assets/Resources/Q版水墨国风（行侠仗义五千年）/UI界面/ljqd_frame_jindutiao_04.png using Guid(6ca10b161f22a2d4daf1ec2daa9fa7dd) Importer(815301076,1909f56bfc062723c751e8b465ee728b)  -> (artifact id: 'e72bc678f2a952e4f6798fbd5b26f838') in 0.015488 seconds
Number of updated asset objects reloaded before import = 0
Number of asset objects unloaded after import = 3
========================================================================
Received Import Request.
  Time since last request: 0.282623 seconds.
  path: Assets/Resources/Q版水墨国风（行侠仗义五千年）/UI界面/ljqd_frame_kelingqu_02.png
  artifactKey: Guid(12a8d6077a8868749b59004feb494d1a) Importer(815301076,1909f56bfc062723c751e8b465ee728b)
Start importing Assets/Resources/Q版水墨国风（行侠仗义五千年）/UI界面/ljqd_frame_kelingqu_02.png using Guid(12a8d6077a8868749b59004feb494d1a) Importer(815301076,1909f56bfc062723c751e8b465ee728b)  -> (artifact id: '2e559ca380095fd9be143313644859b2') in 0.029851 seconds
Number of updated asset objects reloaded before import = 0
Number of asset objects unloaded after import = 3
========================================================================
Received Import Request.
  Time since last request: 0.440142 seconds.
  path: Assets/Resources/Q版水墨国风（行侠仗义五千年）/UI界面/ljqd_img_feiniao.png
  artifactKey: Guid(04041cd28c1d5a6429130473f084a7e9) Importer(815301076,1909f56bfc062723c751e8b465ee728b)
Start importing Assets/Resources/Q版水墨国风（行侠仗义五千年）/UI界面/ljqd_img_feiniao.png using Guid(04041cd28c1d5a6429130473f084a7e9) Importer(815301076,1909f56bfc062723c751e8b465ee728b)  -> (artifact id: '227fba1eb76e576b3df1ed56541d46e0') in 0.027969 seconds
Number of updated asset objects reloaded before import = 0
Number of asset objects unloaded after import = 3
========================================================================
Received Import Request.
  Time since last request: 0.000016 seconds.
  path: Assets/Resources/Q版水墨国风（行侠仗义五千年）/UI界面/ljqd_img_juese.png
  artifactKey: Guid(dd391662d430cc04dbed3eab18286a01) Importer(815301076,1909f56bfc062723c751e8b465ee728b)
Start importing Assets/Resources/Q版水墨国风（行侠仗义五千年）/UI界面/ljqd_img_juese.png using Guid(dd391662d430cc04dbed3eab18286a01) Importer(815301076,1909f56bfc062723c751e8b465ee728b)  -> (artifact id: '6f60c2cae3a316ed7aa195792290b98b') in 0.020114 seconds
Number of updated asset objects reloaded before import = 0
Number of asset objects unloaded after import = 3
========================================================================
Received Import Request.
  Time since last request: 0.494201 seconds.
  path: Assets/Resources/Q版水墨国风（行侠仗义五千年）/UI界面/ljqd_img_leijiqiandao.png
  artifactKey: Guid(6a199f0a25e11be49a09d3ecde1a4581) Importer(815301076,1909f56bfc062723c751e8b465ee728b)
Start importing Assets/Resources/Q版水墨国风（行侠仗义五千年）/UI界面/ljqd_img_leijiqiandao.png using Guid(6a199f0a25e11be49a09d3ecde1a4581) Importer(815301076,1909f56bfc062723c751e8b465ee728b)  -> (artifact id: '4710d5bdef65423b358261bb8a828758') in 0.032813 seconds
Number of updated asset objects reloaded before import = 0
Number of asset objects unloaded after import = 3
========================================================================
Received Import Request.
  Time since last request: 0.371371 seconds.
  path: Assets/Resources/Q版水墨国风（行侠仗义五千年）/UI界面/ljqd_img_yiqian.png
  artifactKey: Guid(cb33532a55fc94f4c8ccf05421373ca1) Importer(815301076,1909f56bfc062723c751e8b465ee728b)
Start importing Assets/Resources/Q版水墨国风（行侠仗义五千年）/UI界面/ljqd_img_yiqian.png using Guid(cb33532a55fc94f4c8ccf05421373ca1) Importer(815301076,1909f56bfc062723c751e8b465ee728b)  -> (artifact id: '87cba94af3bab20af7bf7ccbac360306') in 0.029801 seconds
Number of updated asset objects reloaded before import = 0
Number of asset objects unloaded after import = 3
========================================================================
Received Import Request.
  Time since last request: 0.020647 seconds.
  path: Assets/Resources/Q版水墨国风（行侠仗义五千年）/UI界面/log_img_barpic.png
  artifactKey: Guid(0d24aac5b243595458db53dfbf830090) Importer(815301076,1909f56bfc062723c751e8b465ee728b)
Start importing Assets/Resources/Q版水墨国风（行侠仗义五千年）/UI界面/log_img_barpic.png using Guid(0d24aac5b243595458db53dfbf830090) Importer(815301076,1909f56bfc062723c751e8b465ee728b)  -> (artifact id: 'afb40e38e84e1260bd71c90189216187') in 0.016964 seconds
Number of updated asset objects reloaded before import = 0
Number of asset objects unloaded after import = 3
========================================================================
Received Import Request.
  Time since last request: 0.931636 seconds.
  path: Assets/Resources/Q版水墨国风（行侠仗义五千年）/UI界面/log_img_shiling.png
  artifactKey: Guid(ab4149baa9e485946ac5cc3c3f3e180e) Importer(815301076,1909f56bfc062723c751e8b465ee728b)
Start importing Assets/Resources/Q版水墨国风（行侠仗义五千年）/UI界面/log_img_shiling.png using Guid(ab4149baa9e485946ac5cc3c3f3e180e) Importer(815301076,1909f56bfc062723c751e8b465ee728b)  -> (artifact id: '361be28636504fec0fc96f3a92c79c70') in 0.026197 seconds
Number of updated asset objects reloaded before import = 0
Number of asset objects unloaded after import = 3
========================================================================
Received Import Request.
  Time since last request: 0.025645 seconds.
  path: Assets/Resources/Q版水墨国风（行侠仗义五千年）/UI界面/log_progressbar_loading.png
  artifactKey: Guid(b3a5550b7eef4854f835a11f6ef8c20a) Importer(815301076,1909f56bfc062723c751e8b465ee728b)
Start importing Assets/Resources/Q版水墨国风（行侠仗义五千年）/UI界面/log_progressbar_loading.png using Guid(b3a5550b7eef4854f835a11f6ef8c20a) Importer(815301076,1909f56bfc062723c751e8b465ee728b)  -> (artifact id: '83ca3faf6a87c26114e9e87a80a888b0') in 0.018005 seconds
Number of updated asset objects reloaded before import = 0
Number of asset objects unloaded after import = 3
========================================================================
Received Import Request.
  Time since last request: 0.297282 seconds.
  path: Assets/Samples/Space Shooter/GameRes/UIPanelArt/LOGO.png
  artifactKey: Guid(42476ac708102b546a90a57a41da5aac) Importer(815301076,1909f56bfc062723c751e8b465ee728b)
Start importing Assets/Samples/Space Shooter/GameRes/UIPanelArt/LOGO.png using Guid(42476ac708102b546a90a57a41da5aac) Importer(815301076,1909f56bfc062723c751e8b465ee728b)  -> (artifact id: '52eb95afd55f49bd2eb9b47129626a25') in 0.018999 seconds
Number of updated asset objects reloaded before import = 0
Number of asset objects unloaded after import = 3
========================================================================
Received Import Request.
  Time since last request: 0.342763 seconds.
  path: Assets/Resources/Q版水墨国风（行侠仗义五千年）/UI界面/lt_board_dikuang1.png
  artifactKey: Guid(a28986ebadbe90d438d40db8bd8031f6) Importer(815301076,1909f56bfc062723c751e8b465ee728b)
Start importing Assets/Resources/Q版水墨国风（行侠仗义五千年）/UI界面/lt_board_dikuang1.png using Guid(a28986ebadbe90d438d40db8bd8031f6) Importer(815301076,1909f56bfc062723c751e8b465ee728b)  -> (artifact id: '0fa7493c2959bd34725861d8765f320f') in 0.036551 seconds
Number of updated asset objects reloaded before import = 0
Number of asset objects unloaded after import = 3
========================================================================
Received Import Request.
  Time since last request: 1.224463 seconds.
  path: Assets/Resources/Q版水墨国风（行侠仗义五千年）/UI界面/lt_board_dikuang3.png
  artifactKey: Guid(095999b7984b56849bc3270aa7e901ce) Importer(815301076,1909f56bfc062723c751e8b465ee728b)
Start importing Assets/Resources/Q版水墨国风（行侠仗义五千年）/UI界面/lt_board_dikuang3.png using Guid(095999b7984b56849bc3270aa7e901ce) Importer(815301076,1909f56bfc062723c751e8b465ee728b)  -> (artifact id: 'ff5dbb74078ba86bcc71ec9a3a54eb8d') in 0.016170 seconds
Number of updated asset objects reloaded before import = 0
Number of asset objects unloaded after import = 3
========================================================================
Received Import Request.
  Time since last request: 0.286860 seconds.
  path: Assets/Resources/Q版水墨国风（行侠仗义五千年）/UI界面/lt_board_liaotianqipao1.png
  artifactKey: Guid(49d1dcc578b976c44a5f7720b05815c9) Importer(815301076,1909f56bfc062723c751e8b465ee728b)
Start importing Assets/Resources/Q版水墨国风（行侠仗义五千年）/UI界面/lt_board_liaotianqipao1.png using Guid(49d1dcc578b976c44a5f7720b05815c9) Importer(815301076,1909f56bfc062723c751e8b465ee728b)  -> (artifact id: '9597428e22395fd699be5879c34079e7') in 0.039768 seconds
Number of updated asset objects reloaded before import = 0
Number of asset objects unloaded after import = 3
========================================================================
Received Import Request.
  Time since last request: 0.352207 seconds.
  path: Assets/Resources/Q版水墨国风（行侠仗义五千年）/UI界面/lt_board_qipao1.png
  artifactKey: Guid(5cdc18d164c885045b0407162d86e0f8) Importer(815301076,1909f56bfc062723c751e8b465ee728b)
Start importing Assets/Resources/Q版水墨国风（行侠仗义五千年）/UI界面/lt_board_qipao1.png using Guid(5cdc18d164c885045b0407162d86e0f8) Importer(815301076,1909f56bfc062723c751e8b465ee728b)  -> (artifact id: 'eadd4470f911e8c27715d97b6b9b3411') in 0.035849 seconds
Number of updated asset objects reloaded before import = 0
Number of asset objects unloaded after import = 3
========================================================================
Received Import Request.
  Time since last request: 0.042275 seconds.
  path: Assets/Resources/Q版水墨国风（行侠仗义五千年）/UI界面/lt_board_qipao3.png
  artifactKey: Guid(153e07084fae0514fa88ca45ee018a99) Importer(815301076,1909f56bfc062723c751e8b465ee728b)
Start importing Assets/Resources/Q版水墨国风（行侠仗义五千年）/UI界面/lt_board_qipao3.png using Guid(153e07084fae0514fa88ca45ee018a99) Importer(815301076,1909f56bfc062723c751e8b465ee728b)  -> (artifact id: 'e0b54d6853abeb93c349ff4fa2341ce1') in 0.017153 seconds
Number of updated asset objects reloaded before import = 0
Number of asset objects unloaded after import = 3
========================================================================
Received Import Request.
  Time since last request: 0.304175 seconds.
  path: Assets/Resources/Q版水墨国风（行侠仗义五千年）/UI界面/lt_board_yuyintubiao1.png
  artifactKey: Guid(02f20f8e135de974580cdb7eb1cfe0d6) Importer(815301076,1909f56bfc062723c751e8b465ee728b)
Start importing Assets/Resources/Q版水墨国风（行侠仗义五千年）/UI界面/lt_board_yuyintubiao1.png using Guid(02f20f8e135de974580cdb7eb1cfe0d6) Importer(815301076,1909f56bfc062723c751e8b465ee728b)  -> (artifact id: '8ebd8512dd538c159b009585472c3c41') in 0.019072 seconds
Number of updated asset objects reloaded before import = 0
Number of asset objects unloaded after import = 3
========================================================================
Received Import Request.
  Time since last request: 0.288289 seconds.
  path: Assets/Resources/Q版水墨国风（行侠仗义五千年）/UI界面/lt_board_yuyintubiao3.png
  artifactKey: Guid(3f9d5444885f99f46a54713010d336d1) Importer(815301076,1909f56bfc062723c751e8b465ee728b)
Start importing Assets/Resources/Q版水墨国风（行侠仗义五千年）/UI界面/lt_board_yuyintubiao3.png using Guid(3f9d5444885f99f46a54713010d336d1) Importer(815301076,1909f56bfc062723c751e8b465ee728b)  -> (artifact id: '0de1fb2835c3f557ee71d6447c401ba2') in 0.017617 seconds
Number of updated asset objects reloaded before import = 0
Number of asset objects unloaded after import = 3
========================================================================
Received Import Request.
  Time since last request: 0.025374 seconds.
  path: Assets/Resources/Q版水墨国风（行侠仗义五千年）/UI界面/lt_btk_yueqian_biaoqing.png
  artifactKey: Guid(7cb36221b24722f4c90154d6218ae393) Importer(815301076,1909f56bfc062723c751e8b465ee728b)
Start importing Assets/Resources/Q版水墨国风（行侠仗义五千年）/UI界面/lt_btk_yueqian_biaoqing.png using Guid(7cb36221b24722f4c90154d6218ae393) Importer(815301076,1909f56bfc062723c751e8b465ee728b)  -> (artifact id: '4758433250594f28330e110f1aa39a06') in 0.017592 seconds
Number of updated asset objects reloaded before import = 0
Number of asset objects unloaded after import = 3
========================================================================
Received Import Request.
  Time since last request: 0.496733 seconds.
  path: Assets/Resources/Q版水墨国风（行侠仗义五千年）/UI界面/lt_btk_yuyin.png
  artifactKey: Guid(ce5ca310ded574b4b8523a90a16c0564) Importer(815301076,1909f56bfc062723c751e8b465ee728b)
Start importing Assets/Resources/Q版水墨国风（行侠仗义五千年）/UI界面/lt_btk_yuyin.png using Guid(ce5ca310ded574b4b8523a90a16c0564) Importer(815301076,1909f56bfc062723c751e8b465ee728b)  -> (artifact id: 'e2e3758875ceece900f972951b44e04a') in 0.028358 seconds
Number of updated asset objects reloaded before import = 0
Number of asset objects unloaded after import = 3
========================================================================
Received Import Request.
  Time since last request: 0.000015 seconds.
  path: Assets/Resources/Q版水墨国风（行侠仗义五千年）/UI界面/lt_icon_shijiepindao.png
  artifactKey: Guid(6a46dcbe6e918354289d97cd4b5560a2) Importer(815301076,1909f56bfc062723c751e8b465ee728b)
Start importing Assets/Resources/Q版水墨国风（行侠仗义五千年）/UI界面/lt_icon_shijiepindao.png using Guid(6a46dcbe6e918354289d97cd4b5560a2) Importer(815301076,1909f56bfc062723c751e8b465ee728b)  -> (artifact id: 'f05528705a4da601e8f43bdac10b8ff4') in 0.017923 seconds
Number of updated asset objects reloaded before import = 0
Number of asset objects unloaded after import = 3
========================================================================
Received Import Request.
  Time since last request: 0.399902 seconds.
  path: Assets/Resources/Q版水墨国风（行侠仗义五千年）/UI界面/lt_icon_yuyin02.png
  artifactKey: Guid(23f947a3c61c2ad40a79ab8db4d997c5) Importer(815301076,1909f56bfc062723c751e8b465ee728b)
Start importing Assets/Resources/Q版水墨国风（行侠仗义五千年）/UI界面/lt_icon_yuyin02.png using Guid(23f947a3c61c2ad40a79ab8db4d997c5) Importer(815301076,1909f56bfc062723c751e8b465ee728b)  -> (artifact id: '289ee27c811276164051ff1bc07939fc') in 0.017169 seconds
Number of updated asset objects reloaded before import = 0
Number of asset objects unloaded after import = 3
========================================================================
Received Import Request.
  Time since last request: 0.417609 seconds.
  path: Assets/Resources/Q版水墨国风（行侠仗义五千年）/UI界面/lt_img_hr.png
  artifactKey: Guid(a32994a92b0d74549894832a63227f14) Importer(815301076,1909f56bfc062723c751e8b465ee728b)
Start importing Assets/Resources/Q版水墨国风（行侠仗义五千年）/UI界面/lt_img_hr.png using Guid(a32994a92b0d74549894832a63227f14) Importer(815301076,1909f56bfc062723c751e8b465ee728b)  -> (artifact id: '56c409655e8b925704c782d4aa72069b') in 0.030616 seconds
Number of updated asset objects reloaded before import = 0
Number of asset objects unloaded after import = 3
========================================================================
Received Import Request.
  Time since last request: 0.349369 seconds.
  path: Assets/Resources/Q版水墨国风（行侠仗义五千年）/UI界面/moji014.png
  artifactKey: Guid(7bc2b1132f444ea43a18e3c9fa948f6d) Importer(815301076,1909f56bfc062723c751e8b465ee728b)
Start importing Assets/Resources/Q版水墨国风（行侠仗义五千年）/UI界面/moji014.png using Guid(7bc2b1132f444ea43a18e3c9fa948f6d) Importer(815301076,1909f56bfc062723c751e8b465ee728b)  -> (artifact id: 'bf84c5857e254f397171c2a6f8283bf8') in 0.027502 seconds
Number of updated asset objects reloaded before import = 0
Number of asset objects unloaded after import = 3
========================================================================
Received Import Request.
  Time since last request: 0.000732 seconds.
  path: Assets/Resources/Q版水墨国风（行侠仗义五千年）/UI界面/moji_w_013.png
  artifactKey: Guid(7a6d3e303d3c8484db5d3a364eac31a0) Importer(815301076,1909f56bfc062723c751e8b465ee728b)
Start importing Assets/Resources/Q版水墨国风（行侠仗义五千年）/UI界面/moji_w_013.png using Guid(7a6d3e303d3c8484db5d3a364eac31a0) Importer(815301076,1909f56bfc062723c751e8b465ee728b)  -> (artifact id: '077838190b06f52fb093a389bb6ea15b') in 0.018551 seconds
Number of updated asset objects reloaded before import = 0
Number of asset objects unloaded after import = 3
========================================================================
Received Import Request.
  Time since last request: 381.787525 seconds.
  path: Assets/Resources/Q版水墨国风（行侠仗义五千年）/UI界面/mp_frame_01.png
  artifactKey: Guid(b238a4ca339310f43912f454c072fb3c) Importer(815301076,1909f56bfc062723c751e8b465ee728b)
Start importing Assets/Resources/Q版水墨国风（行侠仗义五千年）/UI界面/mp_frame_01.png using Guid(b238a4ca339310f43912f454c072fb3c) Importer(815301076,1909f56bfc062723c751e8b465ee728b)  -> (artifact id: '217585a351c4a647f3940720f6db2291') in 0.021098 seconds
Number of updated asset objects reloaded before import = 0
Number of asset objects unloaded after import = 3
========================================================================
Received Import Request.
  Time since last request: 0.269019 seconds.
  path: Assets/Resources/Q版水墨国风（行侠仗义五千年）/UI界面/mp_frame_03.png
  artifactKey: Guid(c51b52b46676f354087e21e9b3faad01) Importer(815301076,1909f56bfc062723c751e8b465ee728b)
Start importing Assets/Resources/Q版水墨国风（行侠仗义五千年）/UI界面/mp_frame_03.png using Guid(c51b52b46676f354087e21e9b3faad01) Importer(815301076,1909f56bfc062723c751e8b465ee728b)  -> (artifact id: 'c82b5a20407f8d12130a1648a691fbfc') in 0.029680 seconds
Number of updated asset objects reloaded before import = 0
Number of asset objects unloaded after import = 3
========================================================================
Received Import Request.
  Time since last request: 0.019353 seconds.
  path: Assets/Resources/Q版水墨国风（行侠仗义五千年）/UI界面/mp_frame_06.png
  artifactKey: Guid(02f77239f34d424479cc5dcf4549ef89) Importer(815301076,1909f56bfc062723c751e8b465ee728b)
Start importing Assets/Resources/Q版水墨国风（行侠仗义五千年）/UI界面/mp_frame_06.png using Guid(02f77239f34d424479cc5dcf4549ef89) Importer(815301076,1909f56bfc062723c751e8b465ee728b)  -> (artifact id: '9d54ac326789d9d916e2795379331cca') in 0.025075 seconds
Number of updated asset objects reloaded before import = 0
Number of asset objects unloaded after import = 3
========================================================================
Received Import Request.
  Time since last request: 0.019968 seconds.
  path: Assets/Resources/Q版水墨国风（行侠仗义五千年）/UI界面/mp_frame_gongxian.png
  artifactKey: Guid(14c2e3d4f44d15f44913a4dcafd5c9de) Importer(815301076,1909f56bfc062723c751e8b465ee728b)
Start importing Assets/Resources/Q版水墨国风（行侠仗义五千年）/UI界面/mp_frame_gongxian.png using Guid(14c2e3d4f44d15f44913a4dcafd5c9de) Importer(815301076,1909f56bfc062723c751e8b465ee728b)  -> (artifact id: '0329643439803b7c41b627b6f3824d48') in 0.027216 seconds
Number of updated asset objects reloaded before import = 0
Number of asset objects unloaded after import = 3
========================================================================
Received Import Request.
  Time since last request: 0.000022 seconds.
  path: Assets/Resources/Q版水墨国风（行侠仗义五千年）/UI界面/mp_frame_huashanpai.png
  artifactKey: Guid(4c3c8b3ac30d52849a76474d9b0ce515) Importer(815301076,1909f56bfc062723c751e8b465ee728b)
Start importing Assets/Resources/Q版水墨国风（行侠仗义五千年）/UI界面/mp_frame_huashanpai.png using Guid(4c3c8b3ac30d52849a76474d9b0ce515) Importer(815301076,1909f56bfc062723c751e8b465ee728b)  -> (artifact id: 'd3d80e84fd30fa35dcc00eb5f9f2d2f3') in 0.018459 seconds
Number of updated asset objects reloaded before import = 0
Number of asset objects unloaded after import = 3
========================================================================
Received Import Request.
  Time since last request: 0.000018 seconds.
  path: Assets/Resources/Q版水墨国风（行侠仗义五千年）/UI界面/mp_frame_emeipai.png
  artifactKey: Guid(1a551711be6cccf4485927e4c389c27e) Importer(815301076,1909f56bfc062723c751e8b465ee728b)
Start importing Assets/Resources/Q版水墨国风（行侠仗义五千年）/UI界面/mp_frame_emeipai.png using Guid(1a551711be6cccf4485927e4c389c27e) Importer(815301076,1909f56bfc062723c751e8b465ee728b)  -> (artifact id: '691bf5f73c3dcbadf4c8343f133e790a') in 0.017736 seconds
Number of updated asset objects reloaded before import = 0
Number of asset objects unloaded after import = 3
========================================================================
Received Import Request.
  Time since last request: 0.322044 seconds.
  path: Assets/Resources/Q版水墨国风（行侠仗义五千年）/UI界面/mp_frame_mizong.png
  artifactKey: Guid(9f370e2c2879e004ebe022a59dbfb728) Importer(815301076,1909f56bfc062723c751e8b465ee728b)
Start importing Assets/Resources/Q版水墨国风（行侠仗义五千年）/UI界面/mp_frame_mizong.png using Guid(9f370e2c2879e004ebe022a59dbfb728) Importer(815301076,1909f56bfc062723c751e8b465ee728b)  -> (artifact id: '0c7eb862c48caa95e1ef929a1bbfed46') in 0.016103 seconds
Number of updated asset objects reloaded before import = 0
Number of asset objects unloaded after import = 3
========================================================================
Received Import Request.
  Time since last request: 0.006820 seconds.
  path: Assets/Resources/Q版水墨国风（行侠仗义五千年）/UI界面/mp_frame_qy_01.png
  artifactKey: Guid(3404993ecfefa184aa40921d7fcaabd6) Importer(815301076,1909f56bfc062723c751e8b465ee728b)
Start importing Assets/Resources/Q版水墨国风（行侠仗义五千年）/UI界面/mp_frame_qy_01.png using Guid(3404993ecfefa184aa40921d7fcaabd6) Importer(815301076,1909f56bfc062723c751e8b465ee728b)  -> (artifact id: 'e03086d3728469e48fdf7d7017434d3b') in 0.018072 seconds
Number of updated asset objects reloaded before import = 0
Number of asset objects unloaded after import = 3
========================================================================
Received Import Request.
  Time since last request: 0.000022 seconds.
  path: Assets/Resources/Q版水墨国风（行侠仗义五千年）/UI界面/mp_frame_qy_03.png
  artifactKey: Guid(088dcc2589539a14b9e1a0718ab40e3d) Importer(815301076,1909f56bfc062723c751e8b465ee728b)
Start importing Assets/Resources/Q版水墨国风（行侠仗义五千年）/UI界面/mp_frame_qy_03.png using Guid(088dcc2589539a14b9e1a0718ab40e3d) Importer(815301076,1909f56bfc062723c751e8b465ee728b)  -> (artifact id: 'e8d15550cde1188384df8a2892f31807') in 0.017224 seconds
Number of updated asset objects reloaded before import = 0
Number of asset objects unloaded after import = 3
========================================================================
Received Import Request.
  Time since last request: 0.001278 seconds.
  path: Assets/Resources/Q版水墨国风（行侠仗义五千年）/UI界面/mp_frame_shaolinpai.png
  artifactKey: Guid(a92fd5d4def63364eae3002e8e9b7435) Importer(815301076,1909f56bfc062723c751e8b465ee728b)
Start importing Assets/Resources/Q版水墨国风（行侠仗义五千年）/UI界面/mp_frame_shaolinpai.png using Guid(a92fd5d4def63364eae3002e8e9b7435) Importer(815301076,1909f56bfc062723c751e8b465ee728b)  -> (artifact id: 'e0aafdca2935948c23783ca4332f0349') in 0.016263 seconds
Number of updated asset objects reloaded before import = 0
Number of asset objects unloaded after import = 3
========================================================================
Received Import Request.
  Time since last request: 0.001860 seconds.
  path: Assets/Resources/Q版水墨国风（行侠仗义五千年）/UI界面/mp_frame_shuimo_01.png
  artifactKey: Guid(8ce19a9cd86681d4283a87c7a2ce7bdd) Importer(815301076,1909f56bfc062723c751e8b465ee728b)
Start importing Assets/Resources/Q版水墨国风（行侠仗义五千年）/UI界面/mp_frame_shuimo_01.png using Guid(8ce19a9cd86681d4283a87c7a2ce7bdd) Importer(815301076,1909f56bfc062723c751e8b465ee728b)  -> (artifact id: '504d3f567c65deeddec3d66cc3b5851f') in 0.015633 seconds
Number of updated asset objects reloaded before import = 0
Number of asset objects unloaded after import = 3
========================================================================
Received Import Request.
  Time since last request: 0.000027 seconds.
  path: Assets/Resources/Q版水墨国风（行侠仗义五千年）/UI界面/mp_frame_shuimo_03.png
  artifactKey: Guid(36cf2b6440e1175428cac7d11e65e88c) Importer(815301076,1909f56bfc062723c751e8b465ee728b)
Start importing Assets/Resources/Q版水墨国风（行侠仗义五千年）/UI界面/mp_frame_shuimo_03.png using Guid(36cf2b6440e1175428cac7d11e65e88c) Importer(815301076,1909f56bfc062723c751e8b465ee728b)  -> (artifact id: '66ea61911b645d945dc4f649951943d3') in 0.016948 seconds
Number of updated asset objects reloaded before import = 0
Number of asset objects unloaded after import = 3
========================================================================
Received Import Request.
  Time since last request: 0.327229 seconds.
  path: Assets/Resources/Q版水墨国风（行侠仗义五千年）/UI界面/mp_frame_tishengzhiwei.png
  artifactKey: Guid(d3ae3649b4c99454d8bac910e4c72bd2) Importer(815301076,1909f56bfc062723c751e8b465ee728b)
Start importing Assets/Resources/Q版水墨国风（行侠仗义五千年）/UI界面/mp_frame_tishengzhiwei.png using Guid(d3ae3649b4c99454d8bac910e4c72bd2) Importer(815301076,1909f56bfc062723c751e8b465ee728b)  -> (artifact id: '7f2ce4b4203366fb394d431871d9cac0') in 0.018223 seconds
Number of updated asset objects reloaded before import = 0
Number of asset objects unloaded after import = 3
========================================================================
Received Import Request.
  Time since last request: 0.000016 seconds.
  path: Assets/Resources/Q版水墨国风（行侠仗义五千年）/UI界面/mp_icon_dhjs.png
  artifactKey: Guid(4351d0fdc7e65bc40b7ef569ff182e36) Importer(815301076,1909f56bfc062723c751e8b465ee728b)
Start importing Assets/Resources/Q版水墨国风（行侠仗义五千年）/UI界面/mp_icon_dhjs.png using Guid(4351d0fdc7e65bc40b7ef569ff182e36) Importer(815301076,1909f56bfc062723c751e8b465ee728b)  -> (artifact id: 'be737991d878b1e757055a94e0eae4cc') in 0.019388 seconds
Number of updated asset objects reloaded before import = 0
Number of asset objects unloaded after import = 3
========================================================================
Received Import Request.
  Time since last request: 0.000052 seconds.
  path: Assets/Resources/Q版水墨国风（行侠仗义五千年）/UI界面/mp_icon_jinbi.png
  artifactKey: Guid(8df821bb9c5affa4ebed1bf1aab6fd51) Importer(815301076,1909f56bfc062723c751e8b465ee728b)
Start importing Assets/Resources/Q版水墨国风（行侠仗义五千年）/UI界面/mp_icon_jinbi.png using Guid(8df821bb9c5affa4ebed1bf1aab6fd51) Importer(815301076,1909f56bfc062723c751e8b465ee728b)  -> (artifact id: '8fac1bc033d148853d755554ddf99f59') in 0.020570 seconds
Number of updated asset objects reloaded before import = 0
Number of asset objects unloaded after import = 3
========================================================================
Received Import Request.
  Time since last request: 0.000015 seconds.
  path: Assets/Resources/Q版水墨国风（行侠仗义五千年）/UI界面/mp_icon_jx.png
  artifactKey: Guid(a86364ed683dfc440ae261aacb385f2b) Importer(815301076,1909f56bfc062723c751e8b465ee728b)
Start importing Assets/Resources/Q版水墨国风（行侠仗义五千年）/UI界面/mp_icon_jx.png using Guid(a86364ed683dfc440ae261aacb385f2b) Importer(815301076,1909f56bfc062723c751e8b465ee728b)  -> (artifact id: '90bf2fe43f1cba2a1003ae4f8c2f62a4') in 0.018122 seconds
Number of updated asset objects reloaded before import = 0
Number of asset objects unloaded after import = 3
========================================================================
Received Import Request.
  Time since last request: 0.000074 seconds.
  path: Assets/Resources/Q版水墨国风（行侠仗义五千年）/UI界面/mp_icon_fl.png
  artifactKey: Guid(f28bd5fec923ed948a4c13d0bc04f977) Importer(815301076,1909f56bfc062723c751e8b465ee728b)
Start importing Assets/Resources/Q版水墨国风（行侠仗义五千年）/UI界面/mp_icon_fl.png using Guid(f28bd5fec923ed948a4c13d0bc04f977) Importer(815301076,1909f56bfc062723c751e8b465ee728b)  -> (artifact id: '9ba6e2aa536c07af3a63f177a9a30032') in 0.016558 seconds
Number of updated asset objects reloaded before import = 0
Number of asset objects unloaded after import = 3
========================================================================
Received Import Request.
  Time since last request: 0.000046 seconds.
  path: Assets/Resources/Q版水墨国风（行侠仗义五千年）/UI界面/mp_frame_zhanglao.png
  artifactKey: Guid(f0109d8a105dbd14190b69055d8a8f13) Importer(815301076,1909f56bfc062723c751e8b465ee728b)
Start importing Assets/Resources/Q版水墨国风（行侠仗义五千年）/UI界面/mp_frame_zhanglao.png using Guid(f0109d8a105dbd14190b69055d8a8f13) Importer(815301076,1909f56bfc062723c751e8b465ee728b)  -> (artifact id: '0e0647d4c0aedd930a3a8400a8f706a5') in 0.016332 seconds
Number of updated asset objects reloaded before import = 0
Number of asset objects unloaded after import = 3
========================================================================
Received Import Request.
  Time since last request: 0.000024 seconds.
  path: Assets/Resources/Q版水墨国风（行侠仗义五千年）/UI界面/mp_icon_cjg.png
  artifactKey: Guid(210c8dd008eee6e4aac742829cc459ad) Importer(815301076,1909f56bfc062723c751e8b465ee728b)
Start importing Assets/Resources/Q版水墨国风（行侠仗义五千年）/UI界面/mp_icon_cjg.png using Guid(210c8dd008eee6e4aac742829cc459ad) Importer(815301076,1909f56bfc062723c751e8b465ee728b)  -> (artifact id: '709117ed8eb1f724b1199e7d92157f63') in 0.016986 seconds
Number of updated asset objects reloaded before import = 0
Number of asset objects unloaded after import = 3
========================================================================
Received Import Request.
  Time since last request: 0.252597 seconds.
  path: Assets/Resources/Q版水墨国风（行侠仗义五千年）/UI界面/mp_icon_liaotian.png
  artifactKey: Guid(5ba0df2859385824c8b462aae5d8ad77) Importer(815301076,1909f56bfc062723c751e8b465ee728b)
Start importing Assets/Resources/Q版水墨国风（行侠仗义五千年）/UI界面/mp_icon_liaotian.png using Guid(5ba0df2859385824c8b462aae5d8ad77) Importer(815301076,1909f56bfc062723c751e8b465ee728b)  -> (artifact id: '2eb9b6752b0d39d2e5ead6d31a14919c') in 0.027005 seconds
Number of updated asset objects reloaded before import = 0
Number of asset objects unloaded after import = 3
========================================================================
Received Import Request.
  Time since last request: 0.000064 seconds.
  path: Assets/Resources/Q版水墨国风（行侠仗义五千年）/UI界面/mp_icon_qingan.png
  artifactKey: Guid(3513873de4ac88441994fa2c0723e462) Importer(815301076,1909f56bfc062723c751e8b465ee728b)
Start importing Assets/Resources/Q版水墨国风（行侠仗义五千年）/UI界面/mp_icon_qingan.png using Guid(3513873de4ac88441994fa2c0723e462) Importer(815301076,1909f56bfc062723c751e8b465ee728b)  -> (artifact id: '76340a3e5968a3be7f128bb59e718dd5') in 0.016270 seconds
Number of updated asset objects reloaded before import = 0
Number of asset objects unloaded after import = 3
========================================================================
Received Import Request.
  Time since last request: 0.000062 seconds.
  path: Assets/Resources/Q版水墨国风（行侠仗义五千年）/UI界面/mp_icon_yuanbao.png
  artifactKey: Guid(f6b0f741277ecc843864c9881b6b48ee) Importer(815301076,1909f56bfc062723c751e8b465ee728b)
Start importing Assets/Resources/Q版水墨国风（行侠仗义五千年）/UI界面/mp_icon_yuanbao.png using Guid(f6b0f741277ecc843864c9881b6b48ee) Importer(815301076,1909f56bfc062723c751e8b465ee728b)  -> (artifact id: 'd895eb745184ee8dce2e06f98265b209') in 0.017977 seconds
Number of updated asset objects reloaded before import = 0
Number of asset objects unloaded after import = 3
========================================================================
Received Import Request.
  Time since last request: 0.000021 seconds.
  path: Assets/Resources/Q版水墨国风（行侠仗义五千年）/UI界面/mp_icon_tszw.png
  artifactKey: Guid(1ab776b3fe869c640bf3d27b73b8a57a) Importer(815301076,1909f56bfc062723c751e8b465ee728b)
Start importing Assets/Resources/Q版水墨国风（行侠仗义五千年）/UI界面/mp_icon_tszw.png using Guid(1ab776b3fe869c640bf3d27b73b8a57a) Importer(815301076,1909f56bfc062723c751e8b465ee728b)  -> (artifact id: '6ccb8648428373c4dfba9799c2819342') in 0.016271 seconds
Number of updated asset objects reloaded before import = 0
Number of asset objects unloaded after import = 3
========================================================================
Received Import Request.
  Time since last request: 0.000016 seconds.
  path: Assets/Resources/Q版水墨国风（行侠仗义五千年）/UI界面/mp_img_chabei.png
  artifactKey: Guid(d7d993302e8242e468dadd0055dd5280) Importer(815301076,1909f56bfc062723c751e8b465ee728b)
Start importing Assets/Resources/Q版水墨国风（行侠仗义五千年）/UI界面/mp_img_chabei.png using Guid(d7d993302e8242e468dadd0055dd5280) Importer(815301076,1909f56bfc062723c751e8b465ee728b)  -> (artifact id: 'bd6e94111f8f481facdc724cbd1c78f2') in 0.018639 seconds
Number of updated asset objects reloaded before import = 0
Number of asset objects unloaded after import = 3
========================================================================
Received Import Request.
  Time since last request: 0.000017 seconds.
  path: Assets/Resources/Q版水墨国风（行侠仗义五千年）/UI界面/mp_icon_zhiweitisheng.png
  artifactKey: Guid(71b224898ba2e494a93a5ca81be72cae) Importer(815301076,1909f56bfc062723c751e8b465ee728b)
Start importing Assets/Resources/Q版水墨国风（行侠仗义五千年）/UI界面/mp_icon_zhiweitisheng.png using Guid(71b224898ba2e494a93a5ca81be72cae) Importer(815301076,1909f56bfc062723c751e8b465ee728b)  -> (artifact id: 'b36659a0bf3732b09b98b8e56a0d9df7') in 0.016781 seconds
Number of updated asset objects reloaded before import = 0
Number of asset objects unloaded after import = 3
========================================================================
Received Import Request.
  Time since last request: 0.000017 seconds.
  path: Assets/Resources/Q版水墨国风（行侠仗义五千年）/UI界面/mp_icon_zengli.png
  artifactKey: Guid(b2ff228b63108134fba68183ed765764) Importer(815301076,1909f56bfc062723c751e8b465ee728b)
Start importing Assets/Resources/Q版水墨国风（行侠仗义五千年）/UI界面/mp_icon_zengli.png using Guid(b2ff228b63108134fba68183ed765764) Importer(815301076,1909f56bfc062723c751e8b465ee728b)  -> (artifact id: '3c79d43741902c4e3688756ccbac95c6') in 0.017325 seconds
Number of updated asset objects reloaded before import = 0
Number of asset objects unloaded after import = 3
========================================================================
Received Import Request.
  Time since last request: 1.064134 seconds.
  path: Assets/Resources/Q版水墨国风（行侠仗义五千年）/UI界面/mp_img_tishi.png
  artifactKey: Guid(108afb59a3fe8b64e9af6de0654feebe) Importer(815301076,1909f56bfc062723c751e8b465ee728b)
Start importing Assets/Resources/Q版水墨国风（行侠仗义五千年）/UI界面/mp_img_tishi.png using Guid(108afb59a3fe8b64e9af6de0654feebe) Importer(815301076,1909f56bfc062723c751e8b465ee728b)  -> (artifact id: 'ee2285a794d8ce5dd66ea11499a14f24') in 0.016189 seconds
Number of updated asset objects reloaded before import = 0
Number of asset objects unloaded after import = 3
========================================================================
Received Import Request.
  Time since last request: 0.000019 seconds.
  path: Assets/Resources/Q版水墨国风（行侠仗义五千年）/UI界面/mp_img_yunduo.png
  artifactKey: Guid(08fdf09bec1abc54fae5c2290abd0ba9) Importer(815301076,1909f56bfc062723c751e8b465ee728b)
Start importing Assets/Resources/Q版水墨国风（行侠仗义五千年）/UI界面/mp_img_yunduo.png using Guid(08fdf09bec1abc54fae5c2290abd0ba9) Importer(815301076,1909f56bfc062723c751e8b465ee728b)  -> (artifact id: '920f3504eada21183dee07d1026dbf66') in 0.018381 seconds
Number of updated asset objects reloaded before import = 0
Number of asset objects unloaded after import = 3
========================================================================
Received Import Request.
  Time since last request: 0.000031 seconds.
  path: Assets/Resources/Q版水墨国风（行侠仗义五千年）/UI界面/ph_frame_01.png
  artifactKey: Guid(a22364166f81afa4a910d1a1f24b1414) Importer(815301076,1909f56bfc062723c751e8b465ee728b)
Start importing Assets/Resources/Q版水墨国风（行侠仗义五千年）/UI界面/ph_frame_01.png using Guid(a22364166f81afa4a910d1a1f24b1414) Importer(815301076,1909f56bfc062723c751e8b465ee728b)  -> (artifact id: '526a9117ecb6e110c394410552c3e892') in 0.016302 seconds
Number of updated asset objects reloaded before import = 0
Number of asset objects unloaded after import = 3
========================================================================
Received Import Request.
  Time since last request: 0.007214 seconds.
  path: Assets/Resources/Q版水墨国风（行侠仗义五千年）/UI界面/ph_frame_02.png
  artifactKey: Guid(4e1f1539a201e6743acc09e36c58a0a6) Importer(815301076,1909f56bfc062723c751e8b465ee728b)
Start importing Assets/Resources/Q版水墨国风（行侠仗义五千年）/UI界面/ph_frame_02.png using Guid(4e1f1539a201e6743acc09e36c58a0a6) Importer(815301076,1909f56bfc062723c751e8b465ee728b)  -> (artifact id: '03b7824ad75747c367a6fec20f5d03fe') in 0.014976 seconds
Number of updated asset objects reloaded before import = 0
Number of asset objects unloaded after import = 3
========================================================================
Received Import Request.
  Time since last request: 0.000017 seconds.
  path: Assets/Resources/Q版水墨国风（行侠仗义五千年）/UI界面/ph_icon_jin.png
  artifactKey: Guid(e3788564503b8d3408e8d166ccd98fb8) Importer(815301076,1909f56bfc062723c751e8b465ee728b)
Start importing Assets/Resources/Q版水墨国风（行侠仗义五千年）/UI界面/ph_icon_jin.png using Guid(e3788564503b8d3408e8d166ccd98fb8) Importer(815301076,1909f56bfc062723c751e8b465ee728b)  -> (artifact id: 'eab84445011f04b10f6ab3c1c44bbb98') in 0.018398 seconds
Number of updated asset objects reloaded before import = 0
Number of asset objects unloaded after import = 3
========================================================================
Received Import Request.
  Time since last request: 0.000018 seconds.
  path: Assets/Resources/Q版水墨国风（行侠仗义五千年）/UI界面/ph_icon_tong.png
  artifactKey: Guid(02723d9790f7bd04a8be29d6de281e66) Importer(815301076,1909f56bfc062723c751e8b465ee728b)
Start importing Assets/Resources/Q版水墨国风（行侠仗义五千年）/UI界面/ph_icon_tong.png using Guid(02723d9790f7bd04a8be29d6de281e66) Importer(815301076,1909f56bfc062723c751e8b465ee728b)  -> (artifact id: 'e0ed1d51a9abec419a2480c3b8224c72') in 0.015922 seconds
Number of updated asset objects reloaded before import = 0
Number of asset objects unloaded after import = 3
Editor requested this worker to shutdown with reason: Scaling down because of idle timeout
TcpMessagingSession - receive error: operation aborted. errorcode: 995, details: ߳˳Ӧóֹ I/O 
AssetImportWorker is now disconnected from the server
Process exiting
Exiting without the bug reporter. Application will terminate with return code 0